<?xml version="1.0" encoding="UTF-8"?>
<!-- Generated by org.testng.reporters.JUnitReportReporter -->
<testsuite hostname="DESKTOP-3GRIPCS" failures="0" tests="1" name="jackpot_test.TestClass_JA_2" time="90.412" errors="0" timestamp="2024-08-22T13:02:13 IST" skipped="0">
  <testcase classname="jackpot_test.TestClass_JA_2" name="Add_Credit" time="90.412"/>
  <system-out/>
</testsuite> <!-- jackpot_test.TestClass_JA_2 -->
