<?xml version="1.0" encoding="UTF-8"?>
<!-- Generated by org.testng.reporters.JUnitReportReporter -->
<testsuite hostname="DESKTOP-3GRIPCS" failures="0" tests="2" name="jackpot_test.TestClass_JA_Admin_1" time="51.591" errors="0" timestamp="2024-08-22T13:02:13 IST" skipped="0">
  <testcase classname="jackpot_test.TestClass_JA_Admin_1" name="adminSignIN" time="38.089"/>
  <system-out/>
  <testcase classname="jackpot_test.TestClass_JA_Admin_1" name="DashBoard_Items_Verification" time="13.502"/>
  <system-out/>
</testsuite> <!-- jackpot_test.TestClass_JA_Admin_1 -->
