<?xml version="1.0" encoding="UTF-8"?>
<!-- Generated by org.testng.reporters.JUnitReportReporter -->
<testsuite hostname="DESKTOP-3GRIPCS" failures="0" tests="1" name="jackpot_test.TestClass_JA_2" time="92.816" errors="0" timestamp="2024-08-23T10:06:38 IST" skipped="0">
  <testcase classname="jackpot_test.TestClass_JA_2" name="Add_Credit" time="92.816"/>
  <system-out/>
</testsuite> <!-- jackpot_test.TestClass_JA_2 -->
