<?xml version="1.0" encoding="UTF-8"?>
<!-- Generated by org.testng.reporters.JUnitReportReporter -->
<testsuite hostname="DESKTOP-3GRIPCS" failures="0" tests="4" name="jackpot_test.TestClass_JA_2" time="45.036" errors="0" timestamp="2024-08-30T17:33:28 IST" skipped="3">
  <testcase classname="jackpot_test.TestClass_JA_2" name="UserProfle_UpdatePassword" time="45.036"/>
  <system-out>
    <![CDATA[User clicked
User Entered UserEmail
User Entered UserPassword
User Clicked on Submit
User Clicked on MyAccount
User Clicked on Profile
Enter Current Password Field is working
Enter New Password Field is working
Enter confirm New Password Field is working
Change Password button is working]]>
  </system-out>
  <testcase classname="jackpot_test.TestClass_JA_2" name="Add_Credit">
    <skipped/>
  </testcase> <!-- Add_Credit -->
  <system-out/>
  <testcase classname="jackpot_test.TestClass_JA_2" name="User_Manage_Winnings_bankTransfer">
    <skipped/>
  </testcase> <!-- User_Manage_Winnings_bankTransfer -->
  <system-out/>
  <testcase classname="jackpot_test.TestClass_JA_2" name="verify_UserWinningTicket">
    <skipped/>
  </testcase> <!-- verify_UserWinningTicket -->
  <system-out/>
</testsuite> <!-- jackpot_test.TestClass_JA_2 -->
