<?xml version="1.0" encoding="UTF-8"?>
<!-- Generated by org.testng.reporters.JUnitReportReporter -->
<testsuite hostname="DESKTOP-3GRIPCS" failures="0" tests="3" name="jackpot_test.TestClass_JA_Admin_1" time="61.699" errors="0" timestamp="2024-08-29T18:08:54 IST" skipped="2">
  <testcase classname="jackpot_test.TestClass_JA_Admin_1" name="AddPlayer_PlayerManagement_andVerify" time="61.699"/>
  <system-out>
    <![CDATA[Clicked on Player Management
Clicked on Add New Player
Entered Player Name
Entered User Email ID
Entered User Mobile Number
Enter User Password
Entered Confirmed Password
Clicked on Submit Button
User Created Successfully]]>
  </system-out>
  <testcase classname="jackpot_test.TestClass_JA_Admin_1" name="Admin_SignIN">
    <skipped/>
  </testcase> <!-- Admin_SignIN -->
  <system-out/>
  <testcase classname="jackpot_test.TestClass_JA_Admin_1" name="Ticket_Management_Verify_Tickets">
    <skipped/>
  </testcase> <!-- Ticket_Management_Verify_Tickets -->
  <system-out/>
</testsuite> <!-- jackpot_test.TestClass_JA_Admin_1 -->
