<?xml version="1.0" encoding="UTF-8"?>
<!-- Generated by org.testng.reporters.JUnitReportReporter -->
<testsuite hostname="DESKTOP-3GRIPCS" failures="0" tests="2" name="jackpot_test.TestClass_JA_1" time="42.386" errors="0" timestamp="2024-08-29T18:54:16 IST" skipped="1">
  <testcase classname="jackpot_test.TestClass_JA_1" name="SignInTest_and_Purchase_ticket" time="42.386"/>
  <system-out>
    <![CDATA[Clicked on Pick3 Lottery
Random Number Clicked
Clicked on add to cart
Ticket Added to Cart
Cicked Cart Button]]>
  </system-out>
  <testcase classname="jackpot_test.TestClass_JA_1" name="Register_New_User_Self">
    <skipped/>
  </testcase> <!-- Register_New_User_Self -->
  <system-out/>
</testsuite> <!-- jackpot_test.TestClass_JA_1 -->
