<?xml version="1.0" encoding="UTF-8"?>
<!-- Generated by org.testng.reporters.JUnitReportReporter -->
<testsuite hostname="DESKTOP-3GRIPCS" failures="0" tests="2" name="jackpot_test.TestClass_JA_1" time="38.455" errors="0" timestamp="2024-08-22T13:02:13 IST" skipped="1">
  <testcase classname="jackpot_test.TestClass_JA_1" name="Register_New_User" time="38.455"/>
  <system-out>
    <![CDATA[Entered Full Name
Entered CellPhone Number
Entered EmailID
Entered Password
Clicked on Submit Button
Country Selected Successfully
Gender Selected Successfully
Calender clicked Successfully
Year clicked Successfully
Date clicked Successfully
Country Selected Successfully
Clicked next Button Succcessfully
User Redirected to Enter OTP Screen]]>
  </system-out>
  <testcase classname="jackpot_test.TestClass_JA_1" name="SignInTest_and_Purchase_ticket">
    <skipped/>
  </testcase> <!-- SignInTest_and_Purchase_ticket -->
  <system-out/>
</testsuite> <!-- jackpot_test.TestClass_JA_1 -->
