<?xml version="1.0" encoding="UTF-8"?>
<!-- Generated by org.testng.reporters.JUnitReportReporter -->
<testsuite hostname="DESKTOP-3GRIPCS" failures="0" tests="4" name="jackpot_test.TestClass_JA_2" time="72.435" errors="0" timestamp="2024-08-29T17:40:51 IST" skipped="3">
  <testcase classname="jackpot_test.TestClass_JA_2" name="User_Manage_Winnings_bankTransfer" time="72.435"/>
  <system-out>
    <![CDATA[User clikec
User Entered UserEmail
User Entered UserPassword
User Clicked on Submit
User Clicked on MyAccount
User Clicked on Profile
User Clicked on Manage Winnnings
User Clicked on Bank transfer
User Entered Amount
User Entered Bank Name
User Entered Account Holder Name
User Entered Account Number
User Entered Routing Number
User Clicked on Submit
Minimum bank transter withdraw amount limit is 100]]>
  </system-out>
  <testcase classname="jackpot_test.TestClass_JA_2" name="Add_Credit">
    <skipped/>
  </testcase> <!-- Add_Credit -->
  <system-out/>
  <testcase classname="jackpot_test.TestClass_JA_2" name="UserProfle_UpdatePassword">
    <skipped/>
  </testcase> <!-- UserProfle_UpdatePassword -->
  <system-out/>
  <testcase classname="jackpot_test.TestClass_JA_2" name="verify_UserWinningTicket">
    <skipped/>
  </testcase> <!-- verify_UserWinningTicket -->
  <system-out/>
</testsuite> <!-- jackpot_test.TestClass_JA_2 -->
