<?xml version="1.0" encoding="UTF-8"?>
<!-- Generated by org.testng.reporters.JUnitReportReporter -->
<testsuite hostname="DESKTOP-3GRIPCS" failures="0" tests="2" name="jackpot_test.TestClass_JA_2" time="42.688" errors="0" timestamp="2024-08-23T15:04:20 IST" skipped="1">
  <testcase classname="jackpot_test.TestClass_JA_2" name="verify_UserWinningTicket" time="42.688"/>
  <system-out/>
  <testcase classname="jackpot_test.TestClass_JA_2" name="Add_Credit">
    <skipped/>
  </testcase> <!-- Add_Credit -->
  <system-out/>
</testsuite> <!-- jackpot_test.TestClass_JA_2 -->
