<?xml version="1.0" encoding="UTF-8"?>
<!-- Generated by org.testng.reporters.JUnitReportReporter -->
<testsuite hostname="DESKTOP-3GRIPCS" failures="0" tests="1" name="jackpot_test.TestClass_JA_1" time="14.385" errors="0" timestamp="2024-08-18T12:21:00 IST" skipped="0">
  <testcase classname="jackpot_test.TestClass_JA_1" name="result" time="14.385"/>
  <system-out/>
</testsuite> <!-- jackpot_test.TestClass_JA_1 -->
