<?xml version="1.0" encoding="UTF-8"?>
<!-- Generated by org.testng.reporters.JUnitReportReporter -->
<testsuite hostname="DESKTOP-3GRIPCS" failures="0" tests="2" name="jackpot_test.TestClass_JA_1" time="52.924" errors="0" timestamp="2024-08-22T12:56:25 IST" skipped="1">
  <testcase classname="jackpot_test.TestClass_JA_1" name="SignInTest_and_Purchase_ticket" time="52.924"/>
  <system-out>
    <![CDATA[Random Number Clicked
Ticket Added to Cart]]>
  </system-out>
  <testcase classname="jackpot_test.TestClass_JA_1" name="Register_New_User">
    <skipped/>
  </testcase> <!-- Register_New_User -->
  <system-out/>
</testsuite> <!-- jackpot_test.TestClass_JA_1 -->
